make all --print-data-base --no-builtin-variables --no-builtin-rules --question
# GNU Make 4.2.1
# Built for x86_64-pc-linux-gnu
# Copyright (C) 1988-2016 Free Software Foundation, Inc.
# License GPLv3+: GNU GPL version 3 or later <http://gnu.org/licenses/gpl.html>
# This is free software: you are free to change and redistribute it.
# There is NO WARRANTY, to the extent permitted by law.

# Make data base, printed on Mon May 16 11:52:43 2022

# Variables

# 'override' directive
GNUMAKEFLAGS := 
# automatic
<D = $(patsubst %/,%,$(dir $<))
# automatic
?F = $(notdir $?)
# environment
DESKTOP_SESSION = ubuntu
# default
.SHELLFLAGS := -c
# environment
XDG_SESSION_CLASS = user
# environment
XDG_SESSION_TYPE = x11
# environment
VSCODE_LOG_NATIVE = false
# automatic
?D = $(patsubst %/,%,$(dir $?))
# environment
IM_CONFIG_PHASE = 1
# environment
OGRE_RESOURCE_PATH = /usr/lib/x86_64-linux-gnu/OGRE-1.9.0
# automatic
@D = $(patsubst %/,%,$(dir $@))
# environment
XAUTHORITY = /run/user/1001/gdm/Xauthority
# environment
GDMSESSION = ubuntu
# environment
XMODIFIERS = @im=ibus
# makefile
CURDIR := /home/default/IMAV-2022/nanocopterAI/Webots-sim/IMAV2022-NanocopterAi
# makefile (from 'Makefile', line 1)
SHELL := /bin/bash
# environment
VSCODE_NLS_CONFIG = {"locale":"en-us","availableLanguages":{},"_languagePackSupport":true}
# environment
_ = /usr/share/code/code
 
# environment
JOURNAL_STREAM = 9:41193
# environment
XDG_CONFIG_DIRS = /etc/xdg/xdg-ubuntu:/etc/xdg
# makefile (from 'Makefile', line 1)
MAKEFILE_LIST :=  Makefile
# automatic
@F = $(notdir $@)
# environment
GIO_LAUNCHED_DESKTOP_FILE = /usr/share/applications/code.desktop
# environment
GAZEBO_PLUGIN_PATH = /usr/lib/x86_64-linux-gnu/gazebo-11/plugins:
# environment
USERNAME = default
# environment
MAKELEVEL := 0
# environment
MANDATORY_PATH = /usr/share/gconf/ubuntu.mandatory.path
# environment
XDG_DATA_DIRS = /usr/share/ubuntu:/usr/local/share/:/usr/share/:/var/lib/snapd/desktop
# environment
DBUS_SESSION_BUS_ADDRESS = unix:path=/run/user/1001/bus
# environment
VSCODE_VERBOSE_LOGGING = true
# environment
LC_CTYPE = pt_BR.UTF-8
# environment
MANAGERPID = 1717
# environment
ROS_PYTHON_VERSION = 3
# environment
LESSOPEN = | /usr/bin/lesspipe %s
# environment
LS_COLORS = 
# environment
LC_NAME = pt_BR.UTF-8
# environment
VSCODE_CWD = /home/default
# environment
GAZEBO_MODEL_DATABASE_URI = http://models.gazebosim.org
# default
MAKE_HOST := x86_64-pc-linux-gnu
# environment
PATH = /home/default/.local/bin:/opt/ros/galactic/bin:/home/default/.local/bin:/usr/local/sbin:/usr/local/bin:/usr/sbin:/usr/bin:/sbin:/bin:/usr/games:/usr/local/games:/snap/bin
# environment
XDG_SESSION_DESKTOP = ubuntu
# environment
GPG_AGENT_INFO = /run/user/1001/gnupg/S.gpg-agent:0:1
# environment
GJS_DEBUG_OUTPUT = stderr
# environment
SESSION_MANAGER = local/fernando-G3-3590:@/tmp/.ICE-unix/1960,unix/fernando-G3-3590:/tmp/.ICE-unix/1960
# environment
XDG_RUNTIME_DIR = /run/user/1001
# environment
XDG_MENU_PREFIX = gnome-
# environment
VSCODE_LOG_STACK = false
# environment
ELECTRON_RUN_AS_NODE = 1
# environment
INVOCATION_ID = 30305b13dbaf4f0e877fe3287163099a
# default
.FEATURES := target-specific order-only second-expansion else-if shortest-stem undefine oneshell archives jobserver output-sync check-symlink load
# environment
ROS_LOCALHOST_ONLY = 0
# environment
ROS_DISTRO = galactic
# environment
SSH_AUTH_SOCK = /run/user/1001/keyring/ssh
# environment
GIO_LAUNCHED_DESKTOP_FILE_PID = 5834
# automatic
%F = $(notdir $%)
# environment
DISPLAY = :0
# environment
VSCODE_PIPE_LOGGING = true
# environment
PWD = /home/default/IMAV-2022/nanocopterAI/Webots-sim/IMAV2022-NanocopterAi
# default
.LOADED := 
# environment
GAZEBO_MASTER_URI = http://localhost:11345
# environment
SSH_AGENT_PID = 1922
# environment
ORIGINAL_XDG_CURRENT_DESKTOP = ubuntu:GNOME
# environment
ROS_DOMAIN_ID = 0
# environment
GTK_MODULES = gail:atk-bridge
# environment
VSCODE_AMD_ENTRYPOINT = vs/workbench/api/node/extensionHostProcess
# environment
HOME = /home/default
# environment
LD_LIBRARY_PATH = /opt/ros/galactic/opt/yaml_cpp_vendor/lib:/opt/ros/galactic/opt/rviz_ogre_vendor/lib:/opt/ros/galactic/lib/x86_64-linux-gnu:/opt/ros/galactic/lib::/usr/lib/x86_64-linux-gnu/gazebo-11/plugins:
# environment
LESSCLOSE = /usr/bin/lesspipe %s %s
# environment
AMENT_PREFIX_PATH = /opt/ros/galactic
# environment
VSCODE_CODE_CACHE_PATH = /home/default/.config/Code/CachedData/da15b6fd3ef856477bf6f4fb29ba1b7af717770d
# environment
LOGNAME = default
# environment
APPLICATION_INSIGHTS_NO_DIAGNOSTIC_CHANNEL = true
# automatic
+F = $(notdir $+)
# environment
VSCODE_HANDLES_UNCAUGHT_ERRORS = true
# environment
GNOME_DESKTOP_SESSION_ID = this-is-deprecated
# automatic
^D = $(patsubst %/,%,$(dir $^))
# environment
LC_TIME = pt_BR.UTF-8
# default
MAKE = $(MAKE_COMMAND)
# environment
GAZEBO_RESOURCE_PATH = /usr/share/gazebo-11:
# default
MAKECMDGOALS := all
# environment
QT_IM_MODULE = ibus
# environment
SHLVL = 0
# environment
GNOME_SHELL_SESSION_MODE = ubuntu
# environment
VSCODE_IPC_HOOK_EXTHOST = /run/user/1001/vscode-ipc-df805aab-e5db-45f4-abbb-8073b2055350.sock
# default
MAKE_VERSION := 4.2.1
# environment
USER = default
# environment
LC_MONETARY = pt_BR.UTF-8
# makefile
.DEFAULT_GOAL := all
# environment
XDG_CURRENT_DESKTOP = Unity
# automatic
%D = $(patsubst %/,%,$(dir $%))
# environment
LC_TELEPHONE = pt_BR.UTF-8
# default
MAKE_COMMAND := make
# default
.VARIABLES := 
# automatic
*F = $(notdir $*)
# environment
VSCODE_IPC_HOOK = /run/user/1001/vscode-0644d4e1-1.67.1-main.sock
# environment
PYTHONPATH = /opt/ros/galactic/lib/python3.8/site-packages
# makefile
MAKEFLAGS = pqrR
# environment
MFLAGS = -pqrR
# automatic
*D = $(patsubst %/,%,$(dir $*))
# environment
ROS_VERSION = 2
# automatic
+D = $(patsubst %/,%,$(dir $+))
# environment
GDK_BACKEND = x11
# environment
LC_PAPER = pt_BR.UTF-8
# environment
QT_ACCESSIBILITY = 1
# environment
DEFAULTS_PATH = /usr/share/gconf/ubuntu.default.path
# default
MAKEFILES := 
# environment
LC_NUMERIC = pt_BR.UTF-8
# automatic
<F = $(notdir $<)
# environment
LC_MEASUREMENT = pt_BR.UTF-8
# environment
LC_ALL = C
# environment
GJS_DEBUG_TOPICS = JS ERROR;JS LOG
# automatic
^F = $(notdir $^)
# default
SUFFIXES := 
# environment
CHROME_DESKTOP = code-url-handler.desktop
# environment
GAZEBO_MODEL_PATH = /usr/share/gazebo-11/models:
# environment
WINDOWPATH = 2
# default
.INCLUDE_DIRS = /usr/include /usr/local/include /usr/include
# environment
LC_IDENTIFICATION = pt_BR.UTF-8
# default
.RECIPEPREFIX := 
# environment
LC_ADDRESS = pt_BR.UTF-8
# environment
LANG = C
# environment
VSCODE_PID = 5834
# variable set hash-table stats:
# Load=123/1024=12%, Rehash=0, Collisions=22/152=14%

# Pattern-specific Variable Values

# No pattern-specific variable values.

# Directories

# . (device 66312, inode 925896): 10 files, no impossibilities.

# 10 files, no impossibilities in 1 directories.

# Implicit Rules

# No implicit rules.

# Files

freeze:
#  Phony target (prerequisite of .PHONY).
#  Implicit rule search has not been done.
#  File does not exist.
#  File has not been updated.
#  recipe to execute (from 'Makefile', line 24):
	source .venv/bin/activate && pip freeze -l | grep -v "pkg_resources" > requirements.txt

all: .venv controllers/pid_controller.py
#  Phony target (prerequisite of .PHONY).
#  Command line target.
#  Implicit rule search has not been done.
#  File does not exist.
#  File has been updated.
#  Needs to be updated (-q is set).
# variable set hash-table stats:
# Load=0/32=0%, Rehash=0, Collisions=0/3=0%

.PHONY: all run clean purge freeze
#  Implicit rule search has not been done.
#  Modification time never checked.
#  File has not been updated.

# Not a target:
.SUFFIXES:
#  Implicit rule search has not been done.
#  Modification time never checked.
#  File has not been updated.

# Not a target:
controllers/setup.py:
#  Implicit rule search has not been done.
#  Modification time never checked.
#  File has not been updated.

# Not a target:
Makefile:
#  Implicit rule search has been done.
#  Last modified 2022-05-13 09:11:37.699012
#  File has been updated.
#  Successfully updated.

# Not a target:
controllers/pid_controller.i:
#  Implicit rule search has not been done.
#  Modification time never checked.
#  File has not been updated.

controllers/pid_controller.py: controllers/pid_controller.i controllers/pid_controller.c controllers/pid_controller.h controllers/setup.py
#  Implicit rule search has not been done.
#  Modification time never checked.
#  File has not been updated.
#  recipe to execute (from 'Makefile', line 35):
	cd controllers && swig -python pid_controller.i && python3 setup.py build_ext --inplace

# Not a target:
requirements.txt:
#  Implicit rule search has been done.
#  Last modified 2022-05-13 09:11:37.755012
#  File has been updated.
#  Successfully updated.

purge: clean
#  Phony target (prerequisite of .PHONY).
#  Implicit rule search has not been done.
#  File does not exist.
#  File has not been updated.
#  recipe to execute (from 'Makefile', line 20):
	rm -r .venv

.venv: requirements.txt
#  Implicit rule search has not been done.
#  Implicit/static pattern stem: ''
#  File does not exist.
#  File has been updated.
#  Needs to be updated (-q is set).
# automatic
# @ := .venv
# automatic
# % := 
# automatic
# * := 
# automatic
# + := requirements.txt
# automatic
# | := 
# automatic
# < := requirements.txt
# automatic
# ^ := requirements.txt
# automatic
# ? := requirements.txt
# variable set hash-table stats:
# Load=8/32=25%, Rehash=0, Collisions=1/11=9%
 
#  recipe to execute (from 'Makefile', line 30):
	virtualenv -p python3 .venv
	source .venv/bin/activate && pip install -r requirements.txt
	touch .venv

# Not a target:
.DEFAULT:
#  Implicit rule search has not been done.
#  Modification time never checked.
#  File has not been updated.

# Not a target:
controllers/pid_controller.c:
#  Implicit rule search has not been done.
#  Modification time never checked.
#  File has not been updated.

run: controllers/pid_controller.py .venv
#  Phony target (prerequisite of .PHONY).
#  Implicit rule search has not been done.
#  File does not exist.
#  File has not been updated.
#  recipe to execute (from 'Makefile', line 8):
	# source .venv/bin/activate && webots
	source .venv/bin/activate && webots webots/worlds/crazyflie_cyberzoo_world.wbt

clean:
#  Phony target (prerequisite of .PHONY).
#  Implicit rule search has not been done.
#  File does not exist.
#  File has not been updated.
#  recipe to execute (from 'Makefile', line 13):
	rm -r controllers/build || true
	rm controllers/_pid_controller* || true
	rm controllers/pid_controller_wrap.c || true
	rm controllers/pid_controller.py || true

# Not a target:
controllers/pid_controller.h:
#  Implicit rule search has not been done.
#  Modification time never checked.
#  File has not been updated.

# files hash-table stats:
# Load=16/1024=2%, Rehash=0, Collisions=0/49=0%
# VPATH Search Paths

# No 'vpath' search paths.

# No general ('VPATH' variable) search path.

# strcache buffers: 1 (0) / strings = 26 / storage = 309 B / avg = 11 B
# current buf: size = 8162 B / used = 309 B / count = 26 / avg = 11 B

# strcache performance: lookups = 59 / hit rate = 55%
# hash-table stats:
# Load=26/8192=0%, Rehash=0, Collisions=1/59=2%
# Finished Make data base on Mon May 16 11:52:43 2022

 
